Version 0.1.4 - 21.08.2019
Please Update to Vuetify > 2.0 

NEW
added FileInput     { type:'file', ... } 
added Time Picker   { type:'time', ... }
added Date Picker   { type:'date', ... }
added Color Picker  { type:'color', ... }
added Button Toggle (Group) { type:'btn-toggle', ... }

NEW CSS class for PROPS 
  value:{ num: { int: { one:1 } } }  ->  .prop-num  .prop-int  .prop-one   
CSS class for KEY 
  value:{ num: { int: { one:1 } } }  ->  .key-num-int-one  

NEW Change Event will listen only to input & click 
    Update Event will listen to input, click, focus, resize, swipe 

NEW
added Mouseenter, -over, -leave event 
added Tooltip Support  ( schema:{ ..., tooltip: 'myTooltip' } )  or use <div slot="slot-tooltip" >

NEW 
Change Event will listen only to input & click 
Watch Event will listen to focus, input, click, blur
Mouse Event will listen to mouseenter, mouseleave
Display will listen to resize, swipe, intersect 
Update will listen to all events 

0.1.16
added new property 'flex' for setting default grid behaviour
  <v-form-base :flex="{xs:12,sm:6}" .... />
  <v-form-base flex="12" .... />  ident with  xs:12

added Icon     { type:'icon' [,label:'print'] ... }  // icon: try label or if undefined use value

0.1.18
BUG GROUP FIXED  
BREAKING CHANGE GROUPING from {type:'card' } into { type:'group } - see grouping example

0.1.19
change to new grid system vuetify 2.0. 
It comes with a 12 point grid system built using flex-box.  
schema { type:'text', name:{ col: { cols: 12, sm: 6, md:4, lg:3, xl:2 }} }
https://vuetifyjs.com/en/components/grids/#grid-system

add drag & drop  
schema {  
  name1: {  type:'text', drag:true },                 
  name2: {  type:'text', drop:({value}) => value },                 
  name4: {  type:'text', drag:true, drop:true }
}  